Configuring arithmoi-0.7.0.0...
Preprocessing library for arithmoi-0.7.0.0..
Building library for arithmoi-0.7.0.0..
[ 1 of 56] Compiling GHC.TypeNats.Compat ( GHC\TypeNats\Compat.hs, .stack-work\dist\7d103d30\build\GHC\TypeNats\Compat.o )
[ 2 of 56] Compiling Math.NumberTheory.Curves.Montgomery ( Math\NumberTheory\Curves\Montgomery.hs, .stack-work\dist\7d103d30\build\Math\NumberTheory\Curves\Montgomery.o )
[ 3 of 56] Compiling Math.NumberTheory.Moduli.Class ( Math\NumberTheory\Moduli\Class.hs, .stack-work\dist\7d103d30\build\Math\NumberTheory\Moduli\Class.o )
[ 4 of 56] Compiling Math.NumberTheory.Powers.Squares.Internal ( Math\NumberTheory\Powers\Squares\Internal.hs, .stack-work\dist\7d103d30\build\Math\NumberTheory\Powers\Squares\Internal.o )
[ 5 of 56] Compiling Math.NumberTheory.Primes.Counting.Approximate ( Math\NumberTheory\Primes\Counting\Approximate.hs, .stack-work\dist\7d103d30\build\Math\NumberTheory\Primes\Counting\Approximate.o )
[ 6 of 56] Compiling Math.NumberTheory.Primes.Types ( Math\NumberTheory\Primes\Types.hs, .stack-work\dist\7d103d30\build\Math\NumberTheory\Primes\Types.o )
[ 7 of 56] Compiling Math.NumberTheory.Recurrencies.Linear ( Math\NumberTheory\Recurrencies\Linear.hs, .stack-work\dist\7d103d30\build\Math\NumberTheory\Recurrencies\Linear.o )
[ 8 of 56] Compiling Math.NumberTheory.Recurrencies.Bilinear ( Math\NumberTheory\Recurrencies\Bilinear.hs, .stack-work\dist\7d103d30\build\Math\NumberTheory\Recurrencies\Bilinear.o )
[ 9 of 56] Compiling Math.NumberTheory.Unsafe ( Math\NumberTheory\Unsafe.hs, .stack-work\dist\7d103d30\build\Math\NumberTheory\Unsafe.o )
[10 of 56] Compiling Math.NumberTheory.Primes.Sieve.Indexing ( Math\NumberTheory\Primes\Sieve\Indexing.hs, .stack-work\dist\7d103d30\build\Math\NumberTheory\Primes\Sieve\Indexing.o )
[11 of 56] Compiling Math.NumberTheory.Primes.Heap ( Math\NumberTheory\Primes\Heap.hs, .stack-work\dist\7d103d30\build\Math\NumberTheory\Primes\Heap.o )
[12 of 56] Compiling Math.NumberTheory.Powers.Squares ( Math\NumberTheory\Powers\Squares.hs, .stack-work\dist\7d103d30\build\Math\NumberTheory\Powers\Squares.o )
[13 of 56] Compiling Math.NumberTheory.Powers.Fourth ( Math\NumberTheory\Powers\Fourth.hs, .stack-work\dist\7d103d30\build\Math\NumberTheory\Powers\Fourth.o )
[14 of 56] Compiling Math.NumberTheory.Powers.Cubes ( Math\NumberTheory\Powers\Cubes.hs, .stack-work\dist\7d103d30\build\Math\NumberTheory\Powers\Cubes.o )
[15 of 56] Compiling Math.NumberTheory.MoebiusInversion.Int ( Math\NumberTheory\MoebiusInversion\Int.hs, .stack-work\dist\7d103d30\build\Math\NumberTheory\MoebiusInversion\Int.o )
[16 of 56] Compiling Math.NumberTheory.MoebiusInversion ( Math\NumberTheory\MoebiusInversion.hs, .stack-work\dist\7d103d30\build\Math\NumberTheory\MoebiusInversion.o )
[17 of 56] Compiling Math.NumberTheory.Utils ( Math\NumberTheory\Utils.hs, .stack-work\dist\7d103d30\build\Math\NumberTheory\Utils.o )
[18 of 56] Compiling Math.NumberTheory.Primes.Sieve.Eratosthenes ( Math\NumberTheory\Primes\Sieve\Eratosthenes.hs, .stack-work\dist\7d103d30\build\Math\NumberTheory\Primes\Sieve\Eratosthenes.o )
[19 of 56] Compiling Math.NumberTheory.Primes.Sieve ( Math\NumberTheory\Primes\Sieve.hs, .stack-work\dist\7d103d30\build\Math\NumberTheory\Primes\Sieve.o )
[20 of 56] Compiling Math.NumberTheory.SmoothNumbers ( Math\NumberTheory\SmoothNumbers.hs, .stack-work\dist\7d103d30\build\Math\NumberTheory\SmoothNumbers.o )
[21 of 56] Compiling Math.NumberTheory.Primes.Counting.Impl ( Math\NumberTheory\Primes\Counting\Impl.hs, .stack-work\dist\7d103d30\build\Math\NumberTheory\Primes\Counting\Impl.o )
[22 of 56] Compiling Math.NumberTheory.Primes.Counting ( Math\NumberTheory\Primes\Counting.hs, .stack-work\dist\7d103d30\build\Math\NumberTheory\Primes\Counting.o )
[23 of 56] Compiling Math.NumberTheory.Primes.Factorisation.TrialDivision ( Math\NumberTheory\Primes\Factorisation\TrialDivision.hs, .stack-work\dist\7d103d30\build\Math\NumberTheory\Primes\Factorisation\TrialDivision.o )
[24 of 56] Compiling Math.NumberTheory.Powers.General ( Math\NumberTheory\Powers\General.hs, .stack-work\dist\7d103d30\build\Math\NumberTheory\Powers\General.o )
[25 of 56] Compiling Math.NumberTheory.Moduli.Jacobi ( Math\NumberTheory\Moduli\Jacobi.hs, .stack-work\dist\7d103d30\build\Math\NumberTheory\Moduli\Jacobi.o )
[26 of 56] Compiling Math.NumberTheory.Primes.Testing.Probabilistic ( Math\NumberTheory\Primes\Testing\Probabilistic.hs, .stack-work\dist\7d103d30\build\Math\NumberTheory\Primes\Testing\Probabilistic.o )
[27 of 56] Compiling Math.NumberTheory.GCD.LowLevel ( Math\NumberTheory\GCD\LowLevel.hs, .stack-work\dist\7d103d30\build\Math\NumberTheory\GCD\LowLevel.o )
[28 of 56] Compiling Math.NumberTheory.GCD ( Math\NumberTheory\GCD.hs, .stack-work\dist\7d103d30\build\Math\NumberTheory\GCD.o )
[29 of 56] Compiling Math.NumberTheory.Primes.Factorisation.Montgomery ( Math\NumberTheory\Primes\Factorisation\Montgomery.hs, .stack-work\dist\7d103d30\build\Math\NumberTheory\Primes\Factorisation\Montgomery.o )
[30 of 56] Compiling Math.NumberTheory.Primes.Testing.Certificates.Internal ( Math\NumberTheory\Primes\Testing\Certificates\Internal.hs, .stack-work\dist\7d103d30\build\Math\NumberTheory\Primes\Testing\Certificates\Internal.o )
[31 of 56] Compiling Math.NumberTheory.Primes.Testing.Certified ( Math\NumberTheory\Primes\Testing\Certified.hs, .stack-work\dist\7d103d30\build\Math\NumberTheory\Primes\Testing\Certified.o )
[32 of 56] Compiling Math.NumberTheory.Primes.Testing.Certificates ( Math\NumberTheory\Primes\Testing\Certificates.hs, .stack-work\dist\7d103d30\build\Math\NumberTheory\Primes\Testing\Certificates.o )
[33 of 56] Compiling Math.NumberTheory.Primes.Sieve.Misc ( Math\NumberTheory\Primes\Sieve\Misc.hs, .stack-work\dist\7d103d30\build\Math\NumberTheory\Primes\Sieve\Misc.o )
[34 of 56] Compiling Math.NumberTheory.Primes.Testing ( Math\NumberTheory\Primes\Testing.hs, .stack-work\dist\7d103d30\build\Math\NumberTheory\Primes\Testing.o )
[35 of 56] Compiling Math.NumberTheory.Primes.Factorisation.Certified ( Math\NumberTheory\Primes\Factorisation\Certified.hs, .stack-work\dist\7d103d30\build\Math\NumberTheory\Primes\Factorisation\Certified.o )
[36 of 56] Compiling Math.NumberTheory.Primes.Factorisation ( Math\NumberTheory\Primes\Factorisation.hs, .stack-work\dist\7d103d30\build\Math\NumberTheory\Primes\Factorisation.o )
[37 of 56] Compiling Math.NumberTheory.Primes ( Math\NumberTheory\Primes.hs, .stack-work\dist\7d103d30\build\Math\NumberTheory\Primes.o )
[38 of 56] Compiling Math.NumberTheory.Moduli.Chinese ( Math\NumberTheory\Moduli\Chinese.hs, .stack-work\dist\7d103d30\build\Math\NumberTheory\Moduli\Chinese.o )
[39 of 56] Compiling Math.NumberTheory.Moduli.Sqrt ( Math\NumberTheory\Moduli\Sqrt.hs, .stack-work\dist\7d103d30\build\Math\NumberTheory\Moduli\Sqrt.o )
[40 of 56] Compiling Math.NumberTheory.Moduli ( Math\NumberTheory\Moduli.hs, .stack-work\dist\7d103d30\build\Math\NumberTheory\Moduli.o )
[41 of 56] Compiling Math.NumberTheory.Utils.FromIntegral ( Math\NumberTheory\Utils\FromIntegral.hs, .stack-work\dist\7d103d30\build\Math\NumberTheory\Utils\FromIntegral.o )
[42 of 56] Compiling Math.NumberTheory.Powers.Modular ( Math\NumberTheory\Powers\Modular.hs, .stack-work\dist\7d103d30\build\Math\NumberTheory\Powers\Modular.o )
[43 of 56] Compiling Math.NumberTheory.Powers ( Math\NumberTheory\Powers.hs, .stack-work\dist\7d103d30\build\Math\NumberTheory\Powers.o )
[44 of 56] Compiling Math.NumberTheory.GaussianIntegers ( Math\NumberTheory\GaussianIntegers.hs, .stack-work\dist\7d103d30\build\Math\NumberTheory\GaussianIntegers.o )
[45 of 56] Compiling Math.NumberTheory.UniqueFactorisation ( Math\NumberTheory\UniqueFactorisation.hs, .stack-work\dist\7d103d30\build\Math\NumberTheory\UniqueFactorisation.o )
[46 of 56] Compiling Math.NumberTheory.Prefactored ( Math\NumberTheory\Prefactored.hs, .stack-work\dist\7d103d30\build\Math\NumberTheory\Prefactored.o )
[47 of 56] Compiling Math.NumberTheory.ArithmeticFunctions.Class ( Math\NumberTheory\ArithmeticFunctions\Class.hs, .stack-work\dist\7d103d30\build\Math\NumberTheory\ArithmeticFunctions\Class.o )
[48 of 56] Compiling Math.NumberTheory.ArithmeticFunctions.Moebius ( Math\NumberTheory\ArithmeticFunctions\Moebius.hs, .stack-work\dist\7d103d30\build\Math\NumberTheory\ArithmeticFunctions\Moebius.o )
[49 of 56] Compiling Math.NumberTheory.ArithmeticFunctions.Standard ( Math\NumberTheory\ArithmeticFunctions\Standard.hs, .stack-work\dist\7d103d30\build\Math\NumberTheory\ArithmeticFunctions\Standard.o )
[50 of 56] Compiling Math.NumberTheory.ArithmeticFunctions ( Math\NumberTheory\ArithmeticFunctions.hs, .stack-work\dist\7d103d30\build\Math\NumberTheory\ArithmeticFunctions.o )
[51 of 56] Compiling Math.NumberTheory.Moduli.PrimitiveRoot ( Math\NumberTheory\Moduli\PrimitiveRoot.hs, .stack-work\dist\7d103d30\build\Math\NumberTheory\Moduli\PrimitiveRoot.o )
[52 of 56] Compiling Math.NumberTheory.ArithmeticFunctions.SieveBlock.Unboxed ( Math\NumberTheory\ArithmeticFunctions\SieveBlock\Unboxed.hs, .stack-work\dist\7d103d30\build\Math\NumberTheory\ArithmeticFunctions\SieveBlock\Unboxed.o )
[53 of 56] Compiling Math.NumberTheory.ArithmeticFunctions.SieveBlock ( Math\NumberTheory\ArithmeticFunctions\SieveBlock.hs, .stack-work\dist\7d103d30\build\Math\NumberTheory\ArithmeticFunctions\SieveBlock.o )
[54 of 56] Compiling Math.NumberTheory.ArithmeticFunctions.Mertens ( Math\NumberTheory\ArithmeticFunctions\Mertens.hs, .stack-work\dist\7d103d30\build\Math\NumberTheory\ArithmeticFunctions\Mertens.o )
[55 of 56] Compiling Math.NumberTheory.Utils.Hyperbola ( Math\NumberTheory\Utils\Hyperbola.hs, .stack-work\dist\7d103d30\build\Math\NumberTheory\Utils\Hyperbola.o )
[56 of 56] Compiling Math.NumberTheory.Zeta ( Math\NumberTheory\Zeta.hs, .stack-work\dist\7d103d30\build\Math\NumberTheory\Zeta.o )
ignoring (possibly broken) abi-depends field for packages
Installing library in C:\sr\snapshots\0206bb5d\lib\x86_64-windows-ghc-8.4.3\arithmoi-0.7.0.0-6ajQ4cfW8CE83tT7iSQb5F
Registering library for arithmoi-0.7.0.0..
